2022-10-16 12:06:49 DEBUG Database:23 - UserUser(id=2, email=s.klunniy@gmail.com, password=123) add to db
2022-10-16 12:07:08 INFO  UserDaoImpl:22 - User addUser(id=1, email=ava.itlabs@gmail.com, password=1) to db
2022-10-16 12:08:19 INFO  UserDaoImpl:22 - User addUser(id=1, email=ava@gmail.com, password=1) to db
2022-10-16 12:08:54 INFO  UserDaoImpl:22 - User addUser(id=1, email=trackensure.coach@gmail.com, password=1) to db
2022-10-16 13:13:13 DEBUG Database:23 - UserUser(id=2, email=s.klunniy@gmail.com, password=123) add to db
2022-10-16 13:18:01 DEBUG Database:23 - UserUser(id=2, email=s.klunniy@gmail.com, password=123) add to db
2022-10-16 13:19:07 DEBUG Database:23 - UserUser(id=2, email=s.klunniy@gmail.com, password=123) add to db
2022-10-16 13:21:18 DEBUG Database:23 - UserUser(id=2, email=s.klunniy@gmail.com, password=123) add to db
2022-10-16 13:28:09 DEBUG Database:23 - UserUser(id=2, email=s.klunniy@gmail.com, password=123) add to db
2022-10-16 13:28:09 DEBUG Database:29 - ProductProduct(id=1, name=Bread, price=20.0, description=...) add to db
2022-10-16 13:32:02 DEBUG Database:23 - UserUser(id=2, email=s.klunniy@gmail.com, password=123) add to db
2022-10-16 13:32:02 DEBUG Database:29 - ProductProduct(id=1, name=Bread, price=20.0, description=...) add to db
2022-10-16 14:10:41 INFO  UserDaoImpl:22 - User addUser(id=1, email=ava.itlabs@gmail.com, password=1) to db
2022-10-16 14:12:36 INFO  UserDaoImpl:22 - User addUser(id=1, email=live.online.edu1@gmail.com, password=3) to db
2022-10-16 14:18:03 DEBUG Database:23 - UserUser(id=2, email=s.klunniy@gmail.com, password=123) add to db
2022-10-16 14:18:03 DEBUG Database:29 - ProductProduct(id=1, name=Bread, price=20.0, description=...) add to db
2022-10-16 14:18:12 INFO  UserDaoImpl:22 - User addUser(id=1, email=ava.itlabs@gmail.com, password=5) to db
2022-10-16 14:18:53 INFO  UserDaoImpl:22 - User addUser(id=1, email=ava.itlabs@gmail.com, password=56) to db
2022-10-16 14:23:31 DEBUG Database:23 - UserUser(id=2, email=s.klunniy@gmail.com, password=123) add to db
2022-10-16 14:23:31 DEBUG Database:29 - ProductProduct(id=1, name=Bread, price=20.0, description=...) add to db
2022-10-16 21:16:17 DEBUG Database:23 - UserUser(id=3, email=s.klunniy@gmail.com, password=123) add to db
2022-10-16 21:16:17 DEBUG Database:29 - ProductProduct(id=1, name=Bread, price=20.0, description=...) add to db
2022-10-16 21:57:14 DEBUG Database:23 - UserUser(id=3, email=s.klunniy@gmail.com, password=123, role=null) add to db
2022-10-16 21:57:14 DEBUG Database:29 - ProductProduct(id=1, name=Bread, price=20.0, description=...) add to db
2022-10-16 21:57:41 INFO  UserDaoImpl:24 - User addUser(id=8, email=ava.itlabs@gmail.com, password=1, role=null) to db
2022-10-16 22:01:17 DEBUG Database:23 - UserUser(id=3, email=s.klunniy@gmail.com, password=123, role=null) add to db
2022-10-16 22:01:17 DEBUG Database:29 - ProductProduct(id=1, name=Bread, price=20.0, description=...) add to db
2022-10-16 22:01:27 INFO  UserDaoImpl:24 - User addUser(id=4, email=ava.itlabs@gmail.com, password=1, role=null) to db
2022-10-16 22:13:48 DEBUG Database:23 - UserUser(id=null, email=s.klunniy@gmail.com, password=123, role=admin) add to db
2022-10-16 22:13:48 DEBUG Database:29 - ProductProduct(id=1, name=Bread, price=20.0, description=...) add to db
2022-10-16 22:14:06 INFO  UserDaoImpl:24 - User addUser(id=3, email=ava.itlabs@gmail.com, password=1, role=null) to db
2022-10-16 22:20:59 DEBUG Database:23 - UserUser(id=null, email=s.klunniy@gmail.com, password=123, role=admin) add to db
2022-10-16 22:20:59 DEBUG Database:29 - ProductProduct(id=1, name=Bread, price=20.0, description=...) add to db
2022-10-16 22:21:10 INFO  UserDaoImpl:24 - User addUser(id=null, email=ava.itlabs@gmail.com, password=1, role=user) to db
2022-10-16 22:22:43 DEBUG Database:23 - UserUser(id=null, email=s.klunniy@gmail.com, password=123, role=admin) add to db
2022-10-16 22:22:43 DEBUG Database:29 - ProductProduct(id=1, name=Bread, price=20.0, description=...) add to db
2022-10-16 22:22:57 INFO  UserDaoImpl:24 - User addUser(id=null, email=ava.itlabs@gmail.com, password=1, role=user) to db
2022-10-16 23:18:44 DEBUG Database:23 - UserUser(id=null, email=s.klunniy@gmail.com, password=123, role=admin) add to db
2022-10-16 23:18:44 DEBUG Database:29 - ProductProduct(id=1, name=Bread, price=20.0, description=...) add to db
2022-10-17 00:11:58 DEBUG Database:23 - UserUser(id=null, email=s.klunniy@gmail.com, password=123, role=admin) add to db
2022-10-17 00:11:58 DEBUG Database:29 - ProductProduct(id=1, name=Bread, price=20.0, description=...) add to db
2022-10-17 00:14:07 DEBUG Database:23 - UserUser(id=null, email=s.klunniy@gmail.com, password=123, role=admin) add to db
2022-10-17 00:14:07 DEBUG Database:29 - ProductProduct(id=1, name=Bread, price=20.0, description=...) add to db
2022-10-17 00:14:23 INFO  UserDaoImpl:24 - User addUser(id=null, email=ava.itlabs@gmail.com, password=1, role=user) to db
2022-10-17 00:15:06 INFO  UserDaoImpl:24 - User addUser(id=null, email=ava.itlabs@gmail.com, password=12, role=user) to db
2022-10-17 00:25:36 DEBUG Database:23 - UserUser(id=null, email=s.klunniy@gmail.com, password=123, role=admin) add to db
2022-10-17 00:25:36 DEBUG Database:29 - ProductProduct(id=1, name=Bread, price=20.0, description=...) add to db
2022-10-17 00:26:40 DEBUG Database:23 - UserUser(id=null, email=s.klunniy@gmail.com, password=123, role=admin) add to db
2022-10-17 00:26:40 DEBUG Database:29 - ProductProduct(id=1, name=Bread, price=20.0, description=...) add to db
2022-10-17 00:27:10 INFO  UserDaoImpl:24 - User addUser(id=null, email=ava.itlabs@gmail.com, password=1, role=user) to db
2022-10-17 00:56:28 DEBUG Database:23 - UserUser(id=null, email=s.klunniy@gmail.com, password=123, role=admin) add to db
2022-10-17 00:56:28 DEBUG Database:29 - ProductProduct(id=1, name=Bread, price=20.0, description=...) add to db
2022-10-17 00:58:40 DEBUG Database:23 - UserUser(id=null, email=s.klunniy@gmail.com, password=123, role=admin) add to db
2022-10-17 00:58:40 DEBUG Database:29 - ProductProduct(id=1, name=Bread, price=20.0, description=...) add to db
2022-10-17 01:17:47 DEBUG Database:23 - UserUser(id=null, email=s.klunniy@gmail.com, password=123, role=admin) add to db
2022-10-17 01:17:47 DEBUG Database:29 - ProductProduct(id=1, name=Bread, price=20.0, description=...) add to db
2022-10-17 10:30:01 DEBUG Database:23 - UserUser(id=null, email=s.klunniy@gmail.com, password=123, role=admin) add to db
2022-10-17 10:30:02 DEBUG Database:29 - ProductProduct(id=1, name=Bread, price=20.0, description=...) add to db
2022-10-17 10:39:53 DEBUG Database:23 - UserUser(id=null, email=s.klunniy@gmail.com, password=123, role=admin) add to db
2022-10-17 10:39:53 DEBUG Database:29 - ProductProduct(id=1, name=Bread, price=20.0, description=...) add to db
2022-10-17 10:41:11 DEBUG Database:23 - UserUser(id=null, email=s.klunniy@gmail.com, password=123, role=admin) add to db
2022-10-17 10:41:11 DEBUG Database:29 - ProductProduct(id=1, name=Bread, price=20.0, description=...) add to db
2022-10-17 10:42:25 DEBUG Database:23 - UserUser(id=null, email=s.klunniy@gmail.com, password=123, role=admin) add to db
2022-10-17 10:42:25 DEBUG Database:29 - ProductProduct(id=1, name=Bread, price=20.0, description=...) add to db
2022-10-17 10:45:03 DEBUG Database:23 - UserUser(id=null, email=s.klunniy@gmail.com, password=123, role=admin) add to db
2022-10-17 10:45:03 DEBUG Database:29 - ProductProduct(id=1, name=Bread, price=20.0, description=...) add to db
2022-10-17 10:48:07 DEBUG Database:23 - UserUser(id=null, email=s.klunniy@gmail.com, password=123, role=admin) add to db
2022-10-17 10:48:07 DEBUG Database:29 - ProductProduct(id=1, name=Bread, price=20.0, description=...) add to db
2022-10-17 10:49:42 DEBUG Database:23 - UserUser(id=null, email=s.klunniy@gmail.com, password=123, role=admin) add to db
2022-10-17 10:49:42 DEBUG Database:29 - ProductProduct(id=1, name=Bread, price=20.0, description=...) add to db
2022-10-17 10:51:31 DEBUG Database:23 - UserUser(id=null, email=s.klunniy@gmail.com, password=123, role=admin) add to db
2022-10-17 10:51:31 DEBUG Database:29 - ProductProduct(id=1, name=Bread, price=20.0, description=...) add to db
2022-10-17 10:54:47 DEBUG Database:23 - UserUser(id=null, email=s.klunniy@gmail.com, password=123, role=admin) add to db
2022-10-17 10:54:48 DEBUG Database:29 - ProductProduct(id=1, name=Bread, price=20.0, description=...) add to db
2022-10-17 10:56:29 DEBUG Database:23 - UserUser(id=null, email=s.klunniy@gmail.com, password=123, role=admin) add to db
2022-10-17 10:56:29 DEBUG Database:29 - ProductProduct(id=1, name=Bread, price=20.0, description=...) add to db
2022-10-17 10:59:06 DEBUG Database:23 - UserUser(id=null, email=s.klunniy@gmail.com, password=123, role=admin) add to db
2022-10-17 10:59:06 DEBUG Database:29 - ProductProduct(id=1, name=Bread, price=20.0, description=...) add to db
2022-10-17 10:59:38 DEBUG Database:23 - UserUser(id=null, email=s.klunniy@gmail.com, password=123, role=admin) add to db
2022-10-17 10:59:38 DEBUG Database:29 - ProductProduct(id=1, name=Bread, price=20.0, description=...) add to db
2022-10-17 11:03:50 DEBUG Database:23 - UserUser(id=null, email=s.klunniy@gmail.com, password=123, role=admin) add to db
2022-10-17 11:03:50 DEBUG Database:29 - ProductProduct(id=1, name=Bread, price=20.0, description=...) add to db
2022-10-17 11:05:06 DEBUG Database:23 - UserUser(id=null, email=s.klunniy@gmail.com, password=123, role=admin) add to db
2022-10-17 11:05:06 DEBUG Database:29 - ProductProduct(id=1, name=Bread, price=20.0, description=...) add to db
2022-10-17 11:06:07 DEBUG Database:23 - UserUser(id=null, email=s.klunniy@gmail.com, password=123, role=admin) add to db
2022-10-17 11:06:07 DEBUG Database:29 - ProductProduct(id=1, name=Bread, price=20.0, description=...) add to db
2022-10-17 11:16:07 DEBUG Database:23 - UserUser(id=null, email=s.klunniy@gmail.com, password=123, role=admin) add to db
2022-10-17 11:16:07 DEBUG Database:29 - ProductProduct(id=1, name=Bread, price=20.0, description=...) add to db
2022-10-17 11:22:07 DEBUG Database:23 - UserUser(id=null, email=s.klunniy@gmail.com, password=123, role=admin) add to db
2022-10-17 11:22:07 DEBUG Database:29 - ProductProduct(id=1, name=Bread, price=20.0, description=...) add to db
2022-10-17 11:22:49 DEBUG Database:23 - UserUser(id=null, email=s.klunniy@gmail.com, password=123, role=admin) add to db
2022-10-17 11:22:49 DEBUG Database:29 - ProductProduct(id=1, name=Bread, price=20.0, description=...) add to db
2022-10-17 11:32:10 DEBUG Database:23 - UserUser(id=null, email=s.klunniy@gmail.com, password=123, role=admin) add to db
2022-10-17 11:32:10 DEBUG Database:29 - ProductProduct(id=1, name=Bread, price=20.0, description=...) add to db
2022-10-17 11:34:19 DEBUG Database:23 - UserUser(id=null, email=s.klunniy@gmail.com, password=123, role=admin) add to db
2022-10-17 11:34:19 DEBUG Database:29 - ProductProduct(id=1, name=Bread, price=20.0, description=...) add to db
2022-10-17 11:35:54 DEBUG Database:23 - UserUser(id=null, email=s.klunniy@gmail.com, password=123, role=admin) add to db
2022-10-17 11:35:54 DEBUG Database:29 - ProductProduct(id=1, name=Bread, price=20.0, description=...) add to db
2022-10-17 21:14:09 DEBUG Database:23 - UserUser(id=null, email=s.klunniy@gmail.com, password=123, role=admin) add to db
2022-10-17 21:14:09 DEBUG Database:29 - ProductProduct(id=1, name=Bread, price=20.0, description=...) add to db
2022-10-17 21:14:35 INFO  UserDaoImpl:24 - User addUser(id=null, email=ava.itlabs@gmail.com, password=1, role=user) to db
2022-11-01 21:53:34 INFO  UserDaoJDBCImpl:61 - get all users to db
2022-11-01 21:53:50 DEBUG Database:29 - Users  add to db
2022-11-01 21:53:50 DEBUG Database:41 - Products add to db
2022-11-02 00:05:32 INFO  UserDaoJDBCImpl:62 - get all users to db
2022-11-02 00:06:03 ERROR UserDaoJDBCImpl:33 - can't add user to db, org.postgresql.util.PSQLException: Can't use query methods that take a query string on a PreparedStatement.
2022-11-02 00:06:03 INFO  UserDaoJDBCImpl:62 - get all users to db
2022-11-02 00:15:18 ERROR UserDaoJDBCImpl:33 - can't add user to db, org.postgresql.util.PSQLException: Can't use query methods that take a query string on a PreparedStatement.
2022-11-02 00:16:27 INFO  UserDaoJDBCImpl:62 - get all users to db
2022-11-02 00:32:03 ERROR UserDaoJDBCImpl:33 - can't add user to db, org.postgresql.util.PSQLException: Can't use query methods that take a query string on a PreparedStatement.
2022-11-02 00:32:04 INFO  UserDaoJDBCImpl:62 - get all users to db
2022-11-02 00:53:35 ERROR UserDaoJDBCImpl:33 - can't add user to db, org.postgresql.util.PSQLException: Can't use query methods that take a query string on a PreparedStatement.
2022-11-02 00:54:42 ERROR UserDaoJDBCImpl:33 - can't add user to db, org.postgresql.util.PSQLException: Can't use query methods that take a query string on a PreparedStatement.
2022-11-02 00:56:05 INFO  UserDaoJDBCImpl:62 - get all users to db
2022-11-02 00:57:30 ERROR UserDaoJDBCImpl:33 - can't add user to db, org.postgresql.util.PSQLException: Can't use query methods that take a query string on a PreparedStatement.
2022-11-02 00:57:30 INFO  UserDaoJDBCImpl:62 - get all users to db
2022-11-02 01:00:52 INFO  UserDaoJDBCImpl:62 - get all users to db
2022-11-02 01:01:07 ERROR UserDaoJDBCImpl:33 - can't add user to db, org.postgresql.util.PSQLException: Can't use query methods that take a query string on a PreparedStatement.
2022-11-02 01:01:07 INFO  UserDaoJDBCImpl:62 - get all users to db
2022-11-02 01:07:14 ERROR UserDaoJDBCImpl:33 - can't add user to db, org.postgresql.util.PSQLException: Can't use query methods that take a query string on a PreparedStatement.
2022-11-02 01:08:00 ERROR UserDaoJDBCImpl:33 - can't add user to db, org.postgresql.util.PSQLException: ПОМИЛКА: тип "role" не існує
  Позиция: 75
2022-11-02 01:08:00 INFO  UserDaoJDBCImpl:62 - get all users to db
2022-11-02 01:10:28 INFO  UserDaoJDBCImpl:31 - add user to db: 1
2022-11-02 01:10:28 INFO  UserDaoJDBCImpl:62 - get all users to db
2022-11-02 19:48:16 INFO  UserDaoJDBCImpl:62 - get all users to db
2022-11-02 19:48:47 INFO  UserDaoJDBCImpl:62 - get all users to db
2022-11-02 19:57:03 DEBUG Database:28 - Users add to db in static block class Database
2022-11-02 19:57:03 DEBUG Database:40 - Products add to db
2022-11-02 20:03:08 INFO  UserDaoJDBCImpl:62 - get all users to db
2022-11-02 20:03:19 INFO  UserDaoJDBCImpl:31 - add user to db: 1
2022-11-02 20:03:19 INFO  UserDaoJDBCImpl:62 - get all users to db
2022-11-02 21:56:18 INFO  UserDaoJDBCImpl:62 - get all users to db
2022-11-02 22:32:52 ERROR ProductDaoJDBCImpl:56 - can't add product to db, org.postgresql.util.PSQLException: ПОМИЛКА: відношення "public.product" не існує
  Позиция: 15
2022-11-02 22:33:17 ERROR ProductDaoJDBCImpl:56 - can't add product to db, org.postgresql.util.PSQLException: ПОМИЛКА: відношення "public.product" не існує
  Позиция: 15
2022-11-02 22:34:24 INFO  ProductDaoJDBCImpl:54 - get all products from db
2022-11-02 22:39:35 INFO  ProductDaoJDBCImpl:54 - get all products from db
2022-11-02 22:39:51 INFO  ProductDaoJDBCImpl:54 - get all products from db
2022-11-02 22:54:44 INFO  ProductDaoJDBCImpl:54 - get all products from db
2022-11-02 22:58:38 INFO  ProductDaoJDBCImpl:54 - get all products from db
2022-11-02 23:01:22 INFO  ProductDaoJDBCImpl:54 - get all products from db
2022-11-02 23:02:20 INFO  ProductDaoJDBCImpl:54 - get all products from db
2022-11-02 23:04:29 INFO  ProductDaoJDBCImpl:54 - get all products from db
2022-11-02 23:05:05 INFO  ProductDaoJDBCImpl:54 - get all products from db
2022-11-03 00:06:27 INFO  ProductDaoJDBCImpl:54 - get all products from db
2022-11-03 00:10:27 INFO  ProductDaoJDBCImpl:54 - get all products from db
2022-11-03 00:11:39 INFO  ProductDaoJDBCImpl:54 - get all products from db
2022-11-03 00:13:43 INFO  ProductDaoJDBCImpl:54 - get all products from db
2022-11-03 00:16:44 INFO  ProductDaoJDBCImpl:54 - get all products from db
2022-11-03 00:16:44 INFO  ProductDaoJDBCImpl:54 - get all products from db
2022-11-03 00:16:44 INFO  ProductDaoJDBCImpl:54 - get all products from db
2022-11-03 00:53:29 INFO  ProductDaoJDBCImpl:54 - get all products from db
2022-11-03 00:57:00 INFO  ProductDaoJDBCImpl:54 - get all products from db
2022-11-03 01:01:02 INFO  ProductDaoJDBCImpl:54 - get all products from db
2022-11-03 01:03:12 INFO  ProductDaoJDBCImpl:54 - get all products from db
2022-11-03 01:03:16 INFO  ProductDaoJDBCImpl:54 - get all products from db
2022-11-03 01:03:21 INFO  ProductDaoJDBCImpl:54 - get all products from db
2022-11-03 01:03:24 INFO  ProductDaoJDBCImpl:54 - get all products from db
2022-11-03 01:03:58 INFO  ProductDaoJDBCImpl:54 - get all products from db
2022-11-03 01:04:01 INFO  ProductDaoJDBCImpl:54 - get all products from db
2022-11-03 01:04:03 INFO  ProductDaoJDBCImpl:54 - get all products from db
2022-11-03 01:12:34 INFO  UserDaoJDBCImpl:62 - get all users to db
2022-11-03 01:17:18 INFO  UserDaoJDBCImpl:56 - get all users to db
2022-11-03 01:22:42 INFO  UserDaoJDBCImpl:56 - get all users to db
2022-11-03 01:24:45 INFO  UserDaoJDBCImpl:56 - get all users to db
2022-11-03 01:25:03 INFO  UserDaoJDBCImpl:56 - get all users to db
2022-11-03 01:25:05 INFO  UserDaoJDBCImpl:56 - get all users to db
2022-11-03 01:25:08 INFO  UserDaoJDBCImpl:56 - get all users to db
2022-11-03 01:26:53 INFO  UserDaoJDBCImpl:56 - get all users to db
2022-11-03 01:26:56 INFO  UserDaoJDBCImpl:56 - get all users to db
2022-11-03 01:27:01 INFO  UserDaoJDBCImpl:56 - get all users to db
2022-11-03 01:27:03 INFO  UserDaoJDBCImpl:56 - get all users to db
2022-11-03 01:27:06 INFO  UserDaoJDBCImpl:56 - get all users to db
2022-11-03 01:27:07 INFO  UserDaoJDBCImpl:56 - get all users to db
2022-11-03 01:27:12 INFO  UserDaoJDBCImpl:56 - get all users to db
2022-11-03 01:27:19 INFO  UserDaoJDBCImpl:56 - get all users to db
2022-11-03 01:27:23 INFO  ProductDaoJDBCImpl:54 - get all products from db
2022-11-03 01:27:25 INFO  ProductDaoJDBCImpl:54 - get all products from db
2022-11-03 01:27:26 INFO  ProductDaoJDBCImpl:54 - get all products from db
2022-11-03 01:27:27 INFO  ProductDaoJDBCImpl:54 - get all products from db
2022-11-03 01:27:28 INFO  ProductDaoJDBCImpl:54 - get all products from db
2022-11-03 01:27:30 INFO  ProductDaoJDBCImpl:54 - get all products from db
2022-11-03 01:27:31 INFO  ProductDaoJDBCImpl:54 - get all products from db
2022-11-03 01:37:37 INFO  ProductDaoJDBCImpl:54 - get all products from db
2022-11-03 01:37:42 INFO  UserDaoJDBCImpl:56 - get all users to db
2022-11-03 01:37:53 INFO  ProductDaoJDBCImpl:54 - get all products from db
2022-11-03 01:37:55 INFO  ProductDaoJDBCImpl:54 - get all products from db
2022-11-03 01:38:13 INFO  UserDaoJDBCImpl:56 - get all users to db
2022-11-03 01:38:16 INFO  UserDaoJDBCImpl:56 - get all users to db
2022-11-03 01:38:17 INFO  UserDaoJDBCImpl:56 - get all users to db
2022-11-03 01:38:19 INFO  UserDaoJDBCImpl:56 - get all users to db
2022-11-03 01:38:20 INFO  UserDaoJDBCImpl:56 - get all users to db
